<?xml version="1.0" encoding="UTF-8"?>
<!-- Generated by org.testng.reporters.JUnitReportReporter -->
<testsuite hostname="LAPTOP-NTBPMJL5" failures="0" tests="3" name="testCases.ShoppingCart_Test" time="5.635" errors="0" timestamp="2024-07-19T21:13:16 PDT" skipped="0">
  <testcase classname="testCases.ShoppingCart_Test" name="verifyItemsOnCart" time="0.543"/>
  <system-out/>
  <testcase classname="testCases.ShoppingCart_Test" name="addItemsOnShoppingCart" time="3.821"/>
  <system-out/>
  <testcase classname="testCases.ShoppingCart_Test" name="completeCheckout" time="1.271"/>
  <system-out/>
</testsuite> <!-- testCases.ShoppingCart_Test -->
