<?xml version="1.0" encoding="UTF-8"?>
<!-- Generated by org.testng.reporters.JUnitReportReporter -->
<testsuite hostname="LAPTOP-NTBPMJL5" failures="0" tests="1" name="testCases.RegistrationTest" time="2.431" errors="0" timestamp="2024-07-23T14:24:45 PDT" skipped="0">
  <testcase classname="testCases.RegistrationTest" name="completeRegistration" time="2.431"/>
  <system-out/>
</testsuite> <!-- testCases.RegistrationTest -->
