<?xml version="1.0" encoding="UTF-8"?>
<!-- Generated by org.testng.reporters.JUnitReportReporter -->
<testsuite hostname="LAPTOP-NTBPMJL5" failures="0" tests="1" name="testCases.RegistrationTest" time="2.898" errors="0" timestamp="2024-07-30T18:49:43 PDT" skipped="0">
  <testcase classname="testCases.RegistrationTest" name="completeRegistration" time="2.898"/>
  <system-out/>
</testsuite> <!-- testCases.RegistrationTest -->
