<?xml version="1.0" encoding="UTF-8"?>
<!-- Generated by org.testng.reporters.JUnitReportReporter -->
<testsuite hostname="LAPTOP-NTBPMJL5" failures="0" tests="3" name="testCases.ShoppingCart_Test" time="5.354" errors="0" timestamp="2024-07-30T18:49:43 PDT" skipped="0">
  <testcase classname="testCases.ShoppingCart_Test" name="addItemsOnShoppingCart" time="3.651"/>
  <system-out/>
  <testcase classname="testCases.ShoppingCart_Test" name="completeCheckout" time="1.193"/>
  <system-out/>
  <testcase classname="testCases.ShoppingCart_Test" name="verifyItemsOnCart" time="0.510"/>
  <system-out/>
</testsuite> <!-- testCases.ShoppingCart_Test -->
