<?xml version="1.0" encoding="UTF-8"?>
<!-- Generated by org.testng.reporters.JUnitReportReporter -->
<testsuite hostname="LAPTOP-NTBPMJL5" failures="0" tests="3" name="testCases.ShoppingCart_Test" time="7.806" errors="0" timestamp="2024-07-31T19:45:42 PDT" skipped="0">
  <testcase classname="testCases.ShoppingCart_Test" name="addItemsOnShoppingCart" time="5.949"/>
  <system-out/>
  <testcase classname="testCases.ShoppingCart_Test" name="verifyItemsOnCart" time="0.569"/>
  <system-out/>
  <testcase classname="testCases.ShoppingCart_Test" name="completeCheckout" time="1.288"/>
  <system-out/>
</testsuite> <!-- testCases.ShoppingCart_Test -->
