<?xml version="1.0" encoding="UTF-8"?>
<!-- Generated by org.testng.reporters.JUnitReportReporter -->
<testsuite hostname="LAPTOP-NTBPMJL5" failures="0" tests="2" name="testCases.LoginTest" time="1.865" errors="0" timestamp="2024-07-18T22:07:20 PDT" skipped="0">
  <testcase classname="testCases.LoginTest" name="loginTest" time="1.807"/>
  <system-out/>
  <testcase classname="testCases.LoginTest" name="verifyHomePage" time="0.058"/>
  <system-out/>
</testsuite> <!-- testCases.LoginTest -->
